<?xml version="1.0" encoding="UTF-8"?>
<!-- Generated by org.testng.reporters.JUnitXMLReporter -->
<testsuite hostname="Manoj" ignored="0" name="Test" tests="6" failures="0" timestamp="2020-12-02T19:08:43 IST" time="64.652" errors="0">
  <testcase name="Login" time="6.77" classname="afia.PageTest.LoginPageTest"/>
  <testcase name="HomeTest" time="3.18" classname="afia.PageTest.HomePageTest"/>
  <testcase name="CustomerDetails" time="6.882" classname="afia.PageTest.QuotePageTest"/>
  <testcase name="VehicleDetails" time="10.774" classname="afia.PageTest.QuotePageTest"/>
  <testcase name="InsurerTest" time="11.325" classname="afia.PageTest.InsurerPageTest"/>
  <testcase name="RSA_Insurance_Generation" time="17.216" classname="afia.PageTest.RSA_TEST"/>
</testsuite> <!-- Test -->
