<?xml version="1.0" encoding="UTF-8"?>
<!-- Generated by org.testng.reporters.JUnitXMLReporter -->
<testsuite hostname="Manoj" ignored="0" name="Test" tests="6" failures="0" timestamp="2020-11-24T19:14:00 IST" time="51.387" errors="0">
  <testcase name="Verify" time="7.359" classname="afia.PageTest.LoginPageTest"/>
  <testcase name="HomeTest" time="0.16" classname="afia.PageTest.HomePageTest"/>
  <testcase name="Quotes" time="6.974" classname="afia.PageTest.QuotePageTest"/>
  <testcase name="VQuotes" time="7.563" classname="afia.PageTest.QuotePageTest"/>
  <testcase name="Insurer" time="5.178" classname="afia.PageTest.InsurerPageTest"/>
  <testcase name="RSA_Insurance" time="16.645" classname="afia.PageTest.RSA_TEST"/>
</testsuite> <!-- Test -->
