<?xml version="1.0" encoding="UTF-8"?>
<testng-results skipped="0" failed="0" ignored="0" total="12" passed="12">
  <reporter-output>
  </reporter-output>
  <suite name="Suite" duration-ms="51387" started-at="2020-11-24T19:13:08 IST" finished-at="2020-11-24T19:14:00 IST">
    <groups>
    </groups>
    <test name="Test" duration-ms="51387" started-at="2020-11-24T19:13:08 IST" finished-at="2020-11-24T19:14:00 IST">
      <class name="afia.PageTest.RSA_TEST">
        <test-method status="PASS" signature="RSA_Insurance(java.lang.String, java.lang.String, java.lang.String, java.lang.String, java.lang.String, java.lang.String, java.lang.String, java.lang.String, java.lang.String, java.lang.String, java.lang.String, java.lang.String, java.lang.String, java.lang.String, java.lang.String)[pri:0, instance:afia.PageTest.RSA_TEST@551aa95a]" name="RSA_Insurance" duration-ms="16645" started-at="2020-11-24T19:13:43 IST" data-provider="validCredentialsProvider" finished-at="2020-11-24T19:14:00 IST">
          <params>
            <param index="0">
              <value>
                <![CDATA[Insurer]]>
              </value>
            </param>
            <param index="1">
              <value>
                <![CDATA[5]]>
              </value>
            </param>
            <param index="2">
              <value>
                <![CDATA[1]]>
              </value>
            </param>
            <param index="3">
              <value>
                <![CDATA[Saloon]]>
              </value>
            </param>
            <param index="4">
              <value>
                <![CDATA[Honda]]>
              </value>
            </param>
            <param index="5">
              <value>
                <![CDATA[Accord]]>
              </value>
            </param>
            <param index="6">
              <value>
                <![CDATA[2019]]>
              </value>
            </param>
            <param index="7">
              <value>
                <![CDATA[LX TURBO 1.5 L 4 cyls 198 HP Sedan CVT 4 DOORS 5 SEATS FRONT WHEEL DRIVE - GCC]]>
              </value>
            </param>
            <param index="8">
              <value>
                <![CDATA[1/1/2019]]>
              </value>
            </param>
            <param index="9">
              <value>
                <![CDATA[1 year]]>
              </value>
            </param>
            <param index="10">
              <value>
                <![CDATA[Yes]]>
              </value>
            </param>
            <param index="11">
              <value>
                <![CDATA[""]]>
              </value>
            </param>
            <param index="12">
              <value>
                <![CDATA[""]]>
              </value>
            </param>
            <param index="13">
              <value>
                <![CDATA[""]]>
              </value>
            </param>
            <param index="14">
              <value>
                <![CDATA[Male]]>
              </value>
            </param>
          </params>
          <reporter-output>
          </reporter-output>
        </test-method> <!-- RSA_Insurance -->
      </class> <!-- afia.PageTest.RSA_TEST -->
      <class name="afia.PageTest.LoginPageTest">
        <test-method status="PASS" signature="openBrowser(java.lang.String, java.lang.String)[pri:0, instance:afia.PageTest.LoginPageTest@2b552920]" name="openBrowser" is-config="true" duration-ms="7094" started-at="2020-11-24T19:13:08 IST" finished-at="2020-11-24T19:13:15 IST">
          <params>
            <param index="0">
              <value>
                <![CDATA[chrome]]>
              </value>
            </param>
            <param index="1">
              <value>
                <![CDATA[https://gateway.afia.ae/gateway-staging/login]]>
              </value>
            </param>
          </params>
          <reporter-output>
          </reporter-output>
        </test-method> <!-- openBrowser -->
        <test-method status="PASS" signature="Verify(java.lang.String, java.lang.String)[pri:0, instance:afia.PageTest.LoginPageTest@2b552920]" name="Verify" duration-ms="7359" started-at="2020-11-24T19:13:16 IST" data-provider="validCredentialsProvider" finished-at="2020-11-24T19:13:23 IST">
          <params>
            <param index="0">
              <value>
                <![CDATA[Robb@yopmail.com]]>
              </value>
            </param>
            <param index="1">
              <value>
                <![CDATA[Test1234@]]>
              </value>
            </param>
          </params>
          <reporter-output>
          </reporter-output>
        </test-method> <!-- Verify -->
        <test-method status="PASS" signature="closeBrowser()[pri:0, instance:afia.PageTest.LoginPageTest@2b552920]" name="closeBrowser" is-config="true" duration-ms="1" started-at="2020-11-24T19:13:23 IST" finished-at="2020-11-24T19:13:23 IST">
          <reporter-output>
          </reporter-output>
        </test-method> <!-- closeBrowser -->
      </class> <!-- afia.PageTest.LoginPageTest -->
      <class name="afia.PageTest.HomePageTest">
        <test-method status="PASS" signature="HomeTest()[pri:0, instance:afia.PageTest.HomePageTest@2758fe70]" name="HomeTest" duration-ms="160" started-at="2020-11-24T19:13:23 IST" finished-at="2020-11-24T19:13:23 IST">
          <reporter-output>
          </reporter-output>
        </test-method> <!-- HomeTest -->
      </class> <!-- afia.PageTest.HomePageTest -->
      <class name="afia.PageTest.InsurerPageTest">
        <test-method status="PASS" signature="Insurer()[pri:0, instance:afia.PageTest.InsurerPageTest@578486a3]" name="Insurer" duration-ms="5178" started-at="2020-11-24T19:13:38 IST" finished-at="2020-11-24T19:13:43 IST">
          <reporter-output>
          </reporter-output>
        </test-method> <!-- Insurer -->
      </class> <!-- afia.PageTest.InsurerPageTest -->
      <class name="afia.PageTest.QuotePageTest">
        <test-method status="PASS" signature="Quotes(java.lang.String, java.lang.String, java.lang.String, java.lang.String, java.lang.String, java.lang.String, java.lang.String, java.lang.String, java.lang.String, java.lang.String, java.lang.String, java.lang.String, java.lang.String, java.lang.String)[pri:0, instance:afia.PageTest.QuotePageTest@1f36e637]" name="Quotes" duration-ms="6974" started-at="2020-11-24T19:13:23 IST" data-provider="validCredentialsProvider" finished-at="2020-11-24T19:13:30 IST">
          <params>
            <param index="0">
              <value>
                <![CDATA[Test]]>
              </value>
            </param>
            <param index="1">
              <value>
                <![CDATA[Case 2]]>
              </value>
            </param>
            <param index="2">
              <value>
                <![CDATA[afiaqae@gmail.com]]>
              </value>
            </param>
            <param index="3">
              <value>
                <![CDATA[521021021]]>
              </value>
            </param>
            <param index="4">
              <value>
                <![CDATA[Mr]]>
              </value>
            </param>
            <param index="5">
              <value>
                <![CDATA[21/10/1985]]>
              </value>
            </param>
            <param index="6">
              <value>
                <![CDATA[Indian]]>
              </value>
            </param>
            <param index="7">
              <value>
                <![CDATA[5 years]]>
              </value>
            </param>
            <param index="8">
              <value>
                <![CDATA[2]]>
              </value>
            </param>
            <param index="9">
              <value>
                <![CDATA[No claims in the past year]]>
              </value>
            </param>
            <param index="10">
              <value>
                <![CDATA[3-1-151,Mohali]]>
              </value>
            </param>
            <param index="11">
              <value>
                <![CDATA[501201]]>
              </value>
            </param>
            <param index="12">
              <value>
                <![CDATA[Mohali]]>
              </value>
            </param>
            <param index="13">
              <value>
                <![CDATA[Individual]]>
              </value>
            </param>
          </params>
          <reporter-output>
          </reporter-output>
        </test-method> <!-- Quotes -->
        <test-method status="PASS" signature="VQuotes(java.lang.String, java.lang.String, java.lang.String, java.lang.String, java.lang.String, java.lang.String, java.lang.String, java.lang.String, java.lang.String, java.lang.String, java.lang.String, java.lang.String, java.lang.String, java.lang.String, java.lang.String)[pri:0, instance:afia.PageTest.QuotePageTest@1f36e637]" name="VQuotes" duration-ms="7563" started-at="2020-11-24T19:13:30 IST" data-provider="validCredentialsProvider" finished-at="2020-11-24T19:13:38 IST">
          <params>
            <param index="0">
              <value>
                <![CDATA[HONDA]]>
              </value>
            </param>
            <param index="1">
              <value>
                <![CDATA[ACCORD]]>
              </value>
            </param>
            <param index="2">
              <value>
                <![CDATA[2019]]>
              </value>
            </param>
            <param index="3">
              <value>
                <![CDATA[2019]]>
              </value>
            </param>
            <param index="4">
              <value>
                <![CDATA[New Registration]]>
              </value>
            </param>
            <param index="5">
              <value>
                <![CDATA[Saloon]]>
              </value>
            </param>
            <param index="6">
              <value>
                <![CDATA[5]]>
              </value>
            </param>
            <param index="7">
              <value>
                <![CDATA[ABU DHABI]]>
              </value>
            </param>
            <param index="8">
              <value>
                <![CDATA[NA]]>
              </value>
            </param>
            <param index="9">
              <value>
                <![CDATA[No]]>
              </value>
            </param>
            <param index="10">
              <value>
                <![CDATA[Comprehensive-Valid]]>
              </value>
            </param>
            <param index="11">
              <value>
                <![CDATA[Comprehensive]]>
              </value>
            </param>
            <param index="12">
              <value>
                <![CDATA[No]]>
              </value>
            </param>
            <param index="13">
              <value>
                <![CDATA[50000]]>
              </value>
            </param>
            <param index="14">
              <value>
                <![CDATA[" "]]>
              </value>
            </param>
          </params>
          <reporter-output>
          </reporter-output>
        </test-method> <!-- VQuotes -->
      </class> <!-- afia.PageTest.QuotePageTest -->
    </test> <!-- Test -->
  </suite> <!-- Suite -->
  <suite name="Suite (0)" duration-ms="40473" started-at="2020-11-24T19:14:00 IST" finished-at="2020-11-24T19:14:40 IST">
    <groups>
    </groups>
    <test name="Test" duration-ms="40473" started-at="2020-11-24T19:14:00 IST" finished-at="2020-11-24T19:14:40 IST">
      <class name="afia.PageTest.RSA_TEST">
        <test-method status="PASS" signature="RSA_Insurance(java.lang.String, java.lang.String, java.lang.String, java.lang.String, java.lang.String, java.lang.String, java.lang.String, java.lang.String, java.lang.String, java.lang.String, java.lang.String, java.lang.String, java.lang.String, java.lang.String, java.lang.String)[pri:0, instance:afia.PageTest.RSA_TEST@711f39f9]" name="RSA_Insurance" duration-ms="7828" started-at="2020-11-24T19:14:32 IST" data-provider="validCredentialsProvider" finished-at="2020-11-24T19:14:40 IST">
          <params>
            <param index="0">
              <value>
                <![CDATA[Manual]]>
              </value>
            </param>
            <param index="1">
              <value>
                <![CDATA[5]]>
              </value>
            </param>
            <param index="2">
              <value>
                <![CDATA[1]]>
              </value>
            </param>
            <param index="3">
              <value>
                <![CDATA[Saloon]]>
              </value>
            </param>
            <param index="4">
              <value>
                <![CDATA[""]]>
              </value>
            </param>
            <param index="5">
              <value>
                <![CDATA[""]]>
              </value>
            </param>
            <param index="6">
              <value>
                <![CDATA[""]]>
              </value>
            </param>
            <param index="7">
              <value>
                <![CDATA[""]]>
              </value>
            </param>
            <param index="8">
              <value>
                <![CDATA[""]]>
              </value>
            </param>
            <param index="9">
              <value>
                <![CDATA[""]]>
              </value>
            </param>
            <param index="10">
              <value>
                <![CDATA[""]]>
              </value>
            </param>
            <param index="11">
              <value>
                <![CDATA[""]]>
              </value>
            </param>
            <param index="12">
              <value>
                <![CDATA[""]]>
              </value>
            </param>
            <param index="13">
              <value>
                <![CDATA[""]]>
              </value>
            </param>
            <param index="14">
              <value>
                <![CDATA[""]]>
              </value>
            </param>
          </params>
          <reporter-output>
          </reporter-output>
        </test-method> <!-- RSA_Insurance -->
      </class> <!-- afia.PageTest.RSA_TEST -->
      <class name="afia.PageTest.LoginPageTest">
        <test-method status="PASS" signature="openBrowser(java.lang.String, java.lang.String)[pri:0, instance:afia.PageTest.LoginPageTest@1c3a4799]" name="openBrowser" is-config="true" duration-ms="6727" started-at="2020-11-24T19:14:00 IST" finished-at="2020-11-24T19:14:06 IST">
          <params>
            <param index="0">
              <value>
                <![CDATA[chrome]]>
              </value>
            </param>
            <param index="1">
              <value>
                <![CDATA[https://gateway.afia.ae/gateway-staging/login]]>
              </value>
            </param>
          </params>
          <reporter-output>
          </reporter-output>
        </test-method> <!-- openBrowser -->
        <test-method status="PASS" signature="Verify(java.lang.String, java.lang.String)[pri:0, instance:afia.PageTest.LoginPageTest@1c3a4799]" name="Verify" duration-ms="6329" started-at="2020-11-24T19:14:06 IST" data-provider="validCredentialsProvider" finished-at="2020-11-24T19:14:13 IST">
          <params>
            <param index="0">
              <value>
                <![CDATA[Robb@yopmail.com]]>
              </value>
            </param>
            <param index="1">
              <value>
                <![CDATA[Test1234@]]>
              </value>
            </param>
          </params>
          <reporter-output>
          </reporter-output>
        </test-method> <!-- Verify -->
        <test-method status="PASS" signature="closeBrowser()[pri:0, instance:afia.PageTest.LoginPageTest@1c3a4799]" name="closeBrowser" is-config="true" duration-ms="1" started-at="2020-11-24T19:14:13 IST" finished-at="2020-11-24T19:14:13 IST">
          <reporter-output>
          </reporter-output>
        </test-method> <!-- closeBrowser -->
      </class> <!-- afia.PageTest.LoginPageTest -->
      <class name="afia.PageTest.HomePageTest">
        <test-method status="PASS" signature="HomeTest()[pri:0, instance:afia.PageTest.HomePageTest@131276c2]" name="HomeTest" duration-ms="160" started-at="2020-11-24T19:14:13 IST" finished-at="2020-11-24T19:14:13 IST">
          <reporter-output>
          </reporter-output>
        </test-method> <!-- HomeTest -->
      </class> <!-- afia.PageTest.HomePageTest -->
      <class name="afia.PageTest.InsurerPageTest">
        <test-method status="PASS" signature="Insurer()[pri:0, instance:afia.PageTest.InsurerPageTest@3fd7a715]" name="Insurer" duration-ms="5179" started-at="2020-11-24T19:14:27 IST" finished-at="2020-11-24T19:14:32 IST">
          <reporter-output>
          </reporter-output>
        </test-method> <!-- Insurer -->
      </class> <!-- afia.PageTest.InsurerPageTest -->
      <class name="afia.PageTest.QuotePageTest">
        <test-method status="PASS" signature="Quotes(java.lang.String, java.lang.String, java.lang.String, java.lang.String, java.lang.String, java.lang.String, java.lang.String, java.lang.String, java.lang.String, java.lang.String, java.lang.String, java.lang.String, java.lang.String, java.lang.String)[pri:0, instance:afia.PageTest.QuotePageTest@26aa12dd]" name="Quotes" duration-ms="6572" started-at="2020-11-24T19:14:13 IST" data-provider="validCredentialsProvider" finished-at="2020-11-24T19:14:19 IST">
          <params>
            <param index="0">
              <value>
                <![CDATA[Test]]>
              </value>
            </param>
            <param index="1">
              <value>
                <![CDATA[Case 2]]>
              </value>
            </param>
            <param index="2">
              <value>
                <![CDATA[afiaqae@gmail.com]]>
              </value>
            </param>
            <param index="3">
              <value>
                <![CDATA[521021021]]>
              </value>
            </param>
            <param index="4">
              <value>
                <![CDATA[Mr]]>
              </value>
            </param>
            <param index="5">
              <value>
                <![CDATA[21/10/1985]]>
              </value>
            </param>
            <param index="6">
              <value>
                <![CDATA[Indian]]>
              </value>
            </param>
            <param index="7">
              <value>
                <![CDATA[5 years]]>
              </value>
            </param>
            <param index="8">
              <value>
                <![CDATA[2]]>
              </value>
            </param>
            <param index="9">
              <value>
                <![CDATA[No claims in the past year]]>
              </value>
            </param>
            <param index="10">
              <value>
                <![CDATA[3-1-151,Mohali]]>
              </value>
            </param>
            <param index="11">
              <value>
                <![CDATA[501201]]>
              </value>
            </param>
            <param index="12">
              <value>
                <![CDATA[Mohali]]>
              </value>
            </param>
            <param index="13">
              <value>
                <![CDATA[Individual]]>
              </value>
            </param>
          </params>
          <reporter-output>
          </reporter-output>
        </test-method> <!-- Quotes -->
        <test-method status="PASS" signature="VQuotes(java.lang.String, java.lang.String, java.lang.String, java.lang.String, java.lang.String, java.lang.String, java.lang.String, java.lang.String, java.lang.String, java.lang.String, java.lang.String, java.lang.String, java.lang.String, java.lang.String, java.lang.String)[pri:0, instance:afia.PageTest.QuotePageTest@26aa12dd]" name="VQuotes" duration-ms="7587" started-at="2020-11-24T19:14:19 IST" data-provider="validCredentialsProvider" finished-at="2020-11-24T19:14:27 IST">
          <params>
            <param index="0">
              <value>
                <![CDATA[HONDA]]>
              </value>
            </param>
            <param index="1">
              <value>
                <![CDATA[ACCORD]]>
              </value>
            </param>
            <param index="2">
              <value>
                <![CDATA[2019]]>
              </value>
            </param>
            <param index="3">
              <value>
                <![CDATA[2019]]>
              </value>
            </param>
            <param index="4">
              <value>
                <![CDATA[New Registration]]>
              </value>
            </param>
            <param index="5">
              <value>
                <![CDATA[Saloon]]>
              </value>
            </param>
            <param index="6">
              <value>
                <![CDATA[5]]>
              </value>
            </param>
            <param index="7">
              <value>
                <![CDATA[ABU DHABI]]>
              </value>
            </param>
            <param index="8">
              <value>
                <![CDATA[NA]]>
              </value>
            </param>
            <param index="9">
              <value>
                <![CDATA[No]]>
              </value>
            </param>
            <param index="10">
              <value>
                <![CDATA[Comprehensive-Valid]]>
              </value>
            </param>
            <param index="11">
              <value>
                <![CDATA[Comprehensive]]>
              </value>
            </param>
            <param index="12">
              <value>
                <![CDATA[No]]>
              </value>
            </param>
            <param index="13">
              <value>
                <![CDATA[50000]]>
              </value>
            </param>
            <param index="14">
              <value>
                <![CDATA[" "]]>
              </value>
            </param>
          </params>
          <reporter-output>
          </reporter-output>
        </test-method> <!-- VQuotes -->
      </class> <!-- afia.PageTest.QuotePageTest -->
    </test> <!-- Test -->
  </suite> <!-- Suite (0) -->
</testng-results>
