<?xml version="1.0" encoding="UTF-8"?>
<testsuite xmlns:xsi="http://www.w3.org/2001/XMLSchema-instance" xsi:noNamespaceSchemaLocation="https://maven.apache.org/surefire/maven-surefire-plugin/xsd/surefire-test-report-3.0.xsd" version="3.0" name="TestSuite" time="92.853" tests="12" errors="0" skipped="0" failures="0">
  <properties>
[...]
</properties>
  <testcase name="Verify[Robb@yopmail.com, Test1234@](1)" classname="afia.PageTest.LoginPageTest" time="7.357">
    <system-err><![CDATA[Starting ChromeDriver 86.0.4240.22 (398b0743353ff36fb1b82468f63a3a93b4e2e89e-refs/branch-heads/4240@{#378}) on port 29195
Only local connections are allowed.
Please see https://chromedriver.chromium.org/security-considerations for suggestions on keeping ChromeDriver safe.
ChromeDriver was started successfully.
[1606225390.509][WARNING]: This version of ChromeDriver has not been tested with Chrome version 87.
Nov 24, 2020 7:13:12 PM org.openqa.selenium.remote.ProtocolHandshake createSession
INFO: Detected dialect: W3C
]]></system-err>
  </testcase>
  <testcase name="Verify[Robb@yopmail.com, Test1234@](1)" classname="afia.PageTest.LoginPageTest" time="6.318">
    <system-err><![CDATA[Starting ChromeDriver 86.0.4240.22 (398b0743353ff36fb1b82468f63a3a93b4e2e89e-refs/branch-heads/4240@{#378}) on port 13847
Only local connections are allowed.
Please see https://chromedriver.chromium.org/security-considerations for suggestions on keeping ChromeDriver safe.
ChromeDriver was started successfully.
[1606225441.289][WARNING]: This version of ChromeDriver has not been tested with Chrome version 87.
Nov 24, 2020 7:14:03 PM org.openqa.selenium.remote.ProtocolHandshake createSession
INFO: Detected dialect: W3C
]]></system-err>
  </testcase>
  <testcase name="HomeTest" classname="afia.PageTest.HomePageTest" time="0.16"/>
  <testcase name="HomeTest" classname="afia.PageTest.HomePageTest" time="0.159"/>
  <testcase name="Quotes[Test, Case 2, afiaqae@gmail.com, 521021021, Mr, 21/10/1985, Indian, 5 years, 2, No claims in the past year, 3-1-151,Mohali, 501201, Mohali, Individual](1)" classname="afia.PageTest.QuotePageTest" time="6.975"/>
  <testcase name="Quotes[Test, Case 2, afiaqae@gmail.com, 521021021, Mr, 21/10/1985, Indian, 5 years, 2, No claims in the past year, 3-1-151,Mohali, 501201, Mohali, Individual](1)" classname="afia.PageTest.QuotePageTest" time="6.572"/>
  <testcase name="VQuotes[HONDA, ACCORD, 2019, 2019, New Registration, Saloon, 5, ABU DHABI, NA, No, Comprehensive-Valid, Comprehensive, No, 50000, &quot; &quot;](1)" classname="afia.PageTest.QuotePageTest" time="7.562"/>
  <testcase name="VQuotes[HONDA, ACCORD, 2019, 2019, New Registration, Saloon, 5, ABU DHABI, NA, No, Comprehensive-Valid, Comprehensive, No, 50000, &quot; &quot;](1)" classname="afia.PageTest.QuotePageTest" time="7.586"/>
  <testcase name="Insurer" classname="afia.PageTest.InsurerPageTest" time="5.178"/>
  <testcase name="Insurer" classname="afia.PageTest.InsurerPageTest" time="5.178"/>
  <testcase name="RSA_Insurance[Insurer, 5, 1, Saloon, Honda, Accord, 2019, LX TURBO 1.5 L 4 cyls 198 HP Sedan CVT 4 DOORS 5 SEATS FRONT WHEEL DRIVE - GCC, 1/1/2019, 1 year, Yes, &quot;&quot;, &quot;&quot;, &quot;&quot;, Male](1)" classname="afia.PageTest.RSA_TEST" time="16.645"/>
  <testcase name="RSA_Insurance[Manual, 5, 1, Saloon, &quot;&quot;, &quot;&quot;, &quot;&quot;, &quot;&quot;, &quot;&quot;, &quot;&quot;, &quot;&quot;, &quot;&quot;, &quot;&quot;, &quot;&quot;, &quot;&quot;](1)" classname="afia.PageTest.RSA_TEST" time="7.829">
    <system-out><![CDATA[In Manual
]]></system-out>
  </testcase>
</testsuite>