<?xml version="1.0" encoding="UTF-8"?>
<!-- Generated by org.testng.reporters.JUnitXMLReporter -->
<testsuite hostname="Manoj" ignored="0" name="Test" tests="6" failures="0" timestamp="2020-11-24T19:14:40 IST" time="40.473" errors="0">
  <testcase name="Verify" time="6.329" classname="afia.PageTest.LoginPageTest"/>
  <testcase name="HomeTest" time="0.16" classname="afia.PageTest.HomePageTest"/>
  <testcase name="Quotes" time="6.572" classname="afia.PageTest.QuotePageTest"/>
  <testcase name="VQuotes" time="7.587" classname="afia.PageTest.QuotePageTest"/>
  <testcase name="Insurer" time="5.179" classname="afia.PageTest.InsurerPageTest"/>
  <testcase name="RSA_Insurance" time="7.828" classname="afia.PageTest.RSA_TEST"/>
</testsuite> <!-- Test -->
