<?xml version="1.0" encoding="UTF-8"?>
<testng-results skipped="0" failed="0" ignored="0" total="6" passed="6">
  <reporter-output>
  </reporter-output>
  <suite name="Suite" duration-ms="64652" started-at="2020-12-02T19:07:39 IST" finished-at="2020-12-02T19:08:43 IST">
    <groups>
    </groups>
    <test name="Test" duration-ms="64652" started-at="2020-12-02T19:07:39 IST" finished-at="2020-12-02T19:08:43 IST">
      <class name="afia.PageTest.RSA_TEST">
        <test-method status="PASS" signature="RSA_Insurance_Generation(java.lang.String, java.lang.String, java.lang.String, java.lang.String, java.lang.String, java.lang.String, java.lang.String, java.lang.String, java.lang.String, java.lang.String, java.lang.String, java.lang.String, java.lang.String, java.lang.String, java.lang.String)[pri:0, instance:afia.PageTest.RSA_TEST@69a3d1d]" name="RSA_Insurance_Generation" duration-ms="17216" started-at="2020-12-02T19:08:26 IST" data-provider="validCredentialsProvider" finished-at="2020-12-02T19:08:43 IST">
          <params>
            <param index="0">
              <value>
                <![CDATA[Insurer]]>
              </value>
            </param>
            <param index="1">
              <value>
                <![CDATA[5]]>
              </value>
            </param>
            <param index="2">
              <value>
                <![CDATA[1]]>
              </value>
            </param>
            <param index="3">
              <value>
                <![CDATA[Saloon]]>
              </value>
            </param>
            <param index="4">
              <value>
                <![CDATA[Honda]]>
              </value>
            </param>
            <param index="5">
              <value>
                <![CDATA[Civic]]>
              </value>
            </param>
            <param index="6">
              <value>
                <![CDATA[2018]]>
              </value>
            </param>
            <param index="7">
              <value>
                <![CDATA[EXI 2.0 L 4 cyls 156 HP Sedan CVT 4 DOORS 5 SEATS FRONT WHEEL DRIVE - BAHRAIN]]>
              </value>
            </param>
            <param index="8">
              <value>
                <![CDATA[1/1/2018]]>
              </value>
            </param>
            <param index="9">
              <value>
                <![CDATA[5 years]]>
              </value>
            </param>
            <param index="10">
              <value>
                <![CDATA[Yes]]>
              </value>
            </param>
            <param index="11">
              <value>
                <![CDATA[""]]>
              </value>
            </param>
            <param index="12">
              <value>
                <![CDATA[""]]>
              </value>
            </param>
            <param index="13">
              <value>
                <![CDATA[""]]>
              </value>
            </param>
            <param index="14">
              <value>
                <![CDATA[Male]]>
              </value>
            </param>
          </params>
          <reporter-output>
          </reporter-output>
        </test-method> <!-- RSA_Insurance_Generation -->
      </class> <!-- afia.PageTest.RSA_TEST -->
      <class name="afia.PageTest.LoginPageTest">
        <test-method status="PASS" signature="openBrowser(java.lang.String, java.lang.String)[pri:0, instance:afia.PageTest.LoginPageTest@bd8db5a]" name="openBrowser" is-config="true" duration-ms="8032" started-at="2020-12-02T19:07:39 IST" finished-at="2020-12-02T19:07:47 IST">
          <params>
            <param index="0">
              <value>
                <![CDATA[chrome]]>
              </value>
            </param>
            <param index="1">
              <value>
                <![CDATA[https://gateway.afia.ae/gateway-staging/login]]>
              </value>
            </param>
          </params>
          <reporter-output>
          </reporter-output>
        </test-method> <!-- openBrowser -->
        <test-method status="PASS" signature="Login(java.lang.String, java.lang.String)[pri:0, instance:afia.PageTest.LoginPageTest@bd8db5a]" name="Login" duration-ms="6770" started-at="2020-12-02T19:07:47 IST" data-provider="validCredentialsProvider" finished-at="2020-12-02T19:07:54 IST">
          <params>
            <param index="0">
              <value>
                <![CDATA[afiaqae@gmail.com]]>
              </value>
            </param>
            <param index="1">
              <value>
                <![CDATA[Test123@]]>
              </value>
            </param>
          </params>
          <reporter-output>
          </reporter-output>
        </test-method> <!-- Login -->
        <test-method status="PASS" signature="closeBrowser()[pri:0, instance:afia.PageTest.LoginPageTest@bd8db5a]" name="closeBrowser" is-config="true" duration-ms="0" started-at="2020-12-02T19:07:54 IST" finished-at="2020-12-02T19:07:54 IST">
          <reporter-output>
          </reporter-output>
        </test-method> <!-- closeBrowser -->
      </class> <!-- afia.PageTest.LoginPageTest -->
      <class name="afia.PageTest.InsurerPageTest">
        <test-method status="PASS" signature="InsurerTest(java.lang.String)[pri:0, instance:afia.PageTest.InsurerPageTest@4b553d26]" name="InsurerTest" duration-ms="11325" started-at="2020-12-02T19:08:15 IST" data-provider="validCredentialsProvider" finished-at="2020-12-02T19:08:26 IST">
          <params>
            <param index="0">
              <value>
                <![CDATA[RSA]]>
              </value>
            </param>
          </params>
          <reporter-output>
          </reporter-output>
        </test-method> <!-- InsurerTest -->
      </class> <!-- afia.PageTest.InsurerPageTest -->
      <class name="afia.PageTest.HomePageTest">
        <test-method status="PASS" signature="HomeTest()[pri:0, instance:afia.PageTest.HomePageTest@2f943d71]" name="HomeTest" duration-ms="3180" started-at="2020-12-02T19:07:54 IST" finished-at="2020-12-02T19:07:57 IST">
          <reporter-output>
          </reporter-output>
        </test-method> <!-- HomeTest -->
      </class> <!-- afia.PageTest.HomePageTest -->
      <class name="afia.PageTest.QuotePageTest">
        <test-method status="PASS" signature="CustomerDetails(java.lang.String, java.lang.String, java.lang.String, java.lang.String, java.lang.String, java.lang.String, java.lang.String, java.lang.String, java.lang.String, java.lang.String, java.lang.String, java.lang.String, java.lang.String, java.lang.String, java.lang.String)[pri:0, instance:afia.PageTest.QuotePageTest@80503]" name="CustomerDetails" duration-ms="6882" started-at="2020-12-02T19:07:57 IST" data-provider="validCredentialsProvider" finished-at="2020-12-02T19:08:04 IST">
          <params>
            <param index="0">
              <value>
                <![CDATA[Test]]>
              </value>
            </param>
            <param index="1">
              <value>
                <![CDATA[Case 1]]>
              </value>
            </param>
            <param index="2">
              <value>
                <![CDATA[afiaqae@gmail.com]]>
              </value>
            </param>
            <param index="3">
              <value>
                <![CDATA[557349228]]>
              </value>
            </param>
            <param index="4">
              <value>
                <![CDATA[Mr]]>
              </value>
            </param>
            <param index="5">
              <value>
                <![CDATA[26/07/1987]]>
              </value>
            </param>
            <param index="6">
              <value>
                <![CDATA[British]]>
              </value>
            </param>
            <param index="7">
              <value>
                <![CDATA[5 years]]>
              </value>
            </param>
            <param index="8">
              <value>
                <![CDATA[2]]>
              </value>
            </param>
            <param index="9">
              <value>
                <![CDATA[No claims for 5+ years]]>
              </value>
            </param>
            <param index="10">
              <value>
                <![CDATA[4th Street,London]]>
              </value>
            </param>
            <param index="11">
              <value>
                <![CDATA[845612]]>
              </value>
            </param>
            <param index="12">
              <value>
                <![CDATA[London]]>
              </value>
            </param>
            <param index="13">
              <value>
                <![CDATA[Individual]]>
              </value>
            </param>
            <param index="14">
              <value>
                <![CDATA[12345]]>
              </value>
            </param>
          </params>
          <reporter-output>
          </reporter-output>
        </test-method> <!-- CustomerDetails -->
        <test-method status="PASS" signature="VehicleDetails(java.lang.String, java.lang.String, java.lang.String, java.lang.String, java.lang.String, java.lang.String, java.lang.String, java.lang.String, java.lang.String, java.lang.String, java.lang.String, java.lang.String, java.lang.String, java.lang.String, java.lang.String, java.lang.String, java.lang.String, java.lang.String)[pri:0, instance:afia.PageTest.QuotePageTest@80503]" name="VehicleDetails" duration-ms="10774" started-at="2020-12-02T19:08:04 IST" data-provider="validCredentialsProvider" finished-at="2020-12-02T19:08:15 IST">
          <params>
            <param index="0">
              <value>
                <![CDATA[HONDA]]>
              </value>
            </param>
            <param index="1">
              <value>
                <![CDATA[CIVIC]]>
              </value>
            </param>
            <param index="2">
              <value>
                <![CDATA[2018]]>
              </value>
            </param>
            <param index="3">
              <value>
                <![CDATA[2018]]>
              </value>
            </param>
            <param index="4">
              <value>
                <![CDATA[New Registration]]>
              </value>
            </param>
            <param index="5">
              <value>
                <![CDATA[Saloon]]>
              </value>
            </param>
            <param index="6">
              <value>
                <![CDATA[5]]>
              </value>
            </param>
            <param index="7">
              <value>
                <![CDATA[DUBAI]]>
              </value>
            </param>
            <param index="8">
              <value>
                <![CDATA[NA]]>
              </value>
            </param>
            <param index="9">
              <value>
                <![CDATA[No]]>
              </value>
            </param>
            <param index="10">
              <value>
                <![CDATA[Comprehensive-Valid]]>
              </value>
            </param>
            <param index="11">
              <value>
                <![CDATA[Comprehensive]]>
              </value>
            </param>
            <param index="12">
              <value>
                <![CDATA[No]]>
              </value>
            </param>
            <param index="13">
              <value>
                <![CDATA[61800]]>
              </value>
            </param>
            <param index="14">
              <value>
                <![CDATA[" "]]>
              </value>
            </param>
            <param index="15">
              <value>
                <![CDATA[EXI 2.0 L 4 Cylinders Saloon]]>
              </value>
            </param>
            <param index="16">
              <value>
                <![CDATA[""]]>
              </value>
            </param>
            <param index="17">
              <value>
                <![CDATA[""]]>
              </value>
            </param>
          </params>
          <reporter-output>
          </reporter-output>
        </test-method> <!-- VehicleDetails -->
      </class> <!-- afia.PageTest.QuotePageTest -->
    </test> <!-- Test -->
  </suite> <!-- Suite -->
</testng-results>
